[ 2017-06-12T09:45:11+08:00 ] ::1 /hepta-seven/assets/css/style.css
INFO: [ app_init ] --START--
INFO: Run Behavior\BuildLiteBehavior [ RunTime:0.000051s ]
INFO: [ app_init ] --END-- [ RunTime:0.000870s ]
ERR: 无法加载模块:Assets

[ 2017-06-12T09:45:11+08:00 ] ::1 /hepta-seven/assets/css/bootstrap.min.css
INFO: [ app_init ] --START--
INFO: Run Behavior\BuildLiteBehavior [ RunTime:0.000080s ]
INFO: [ app_init ] --END-- [ RunTime:0.000892s ]
ERR: 无法加载模块:Assets

[ 2017-06-12T09:45:11+08:00 ] ::1 /hepta-seven/assets/js/jquery-2.1.3.min.js
INFO: [ app_init ] --START--
INFO: Run Behavior\BuildLiteBehavior [ RunTime:0.000020s ]
INFO: [ app_init ] --END-- [ RunTime:0.001024s ]
ERR: 无法加载模块:Assets

[ 2017-06-12T09:45:11+08:00 ] ::1 /hepta-seven/assets/css/font-awesome.min.css
INFO: [ app_init ] --START--
INFO: Run Behavior\BuildLiteBehavior [ RunTime:0.000050s ]
INFO: [ app_init ] --END-- [ RunTime:0.002925s ]
ERR: 无法加载模块:Assets

[ 2017-06-12T09:45:12+08:00 ] ::1 /hepta-seven/assets/js/jquery.actual.min.js
INFO: [ app_init ] --START--
INFO: Run Behavior\BuildLiteBehavior [ RunTime:0.000024s ]
INFO: [ app_init ] --END-- [ RunTime:0.000520s ]
ERR: 无法加载模块:Assets

[ 2017-06-12T09:45:12+08:00 ] ::1 /hepta-seven/assets/js/bootstrap.min.js
INFO: [ app_init ] --START--
INFO: Run Behavior\BuildLiteBehavior [ RunTime:0.000048s ]
INFO: [ app_init ] --END-- [ RunTime:0.000980s ]
ERR: 无法加载模块:Assets

[ 2017-06-12T09:45:12+08:00 ] ::1 /hepta-seven/assets/js/jquery-migrate-1.2.1.min.js
INFO: [ app_init ] --START--
INFO: Run Behavior\BuildLiteBehavior [ RunTime:0.000046s ]
INFO: [ app_init ] --END-- [ RunTime:0.000906s ]
ERR: 无法加载模块:Assets

[ 2017-06-12T09:45:12+08:00 ] ::1 /hepta-seven/assets/js/script.js
INFO: [ app_init ] --START--
INFO: Run Behavior\BuildLiteBehavior [ RunTime:0.000151s ]
INFO: [ app_init ] --END-- [ RunTime:0.002477s ]
ERR: 无法加载模块:Assets

[ 2017-06-12T09:45:12+08:00 ] ::1 /hepta-seven/assets/js/jquery.scrollTo.min.js
INFO: [ app_init ] --START--
INFO: Run Behavior\BuildLiteBehavior [ RunTime:0.000019s ]
INFO: [ app_init ] --END-- [ RunTime:0.000466s ]
ERR: 无法加载模块:Assets

[ 2017-06-12T09:45:12+08:00 ] ::1 /hepta-seven/assets/images/pc.png
INFO: [ app_init ] --START--
INFO: Run Behavior\BuildLiteBehavior [ RunTime:0.000066s ]
INFO: [ app_init ] --END-- [ RunTime:0.003301s ]
ERR: 无法加载模块:Assets

[ 2017-06-12T09:45:12+08:00 ] ::1 /hepta-seven/assets/images/shopping.png
INFO: [ app_init ] --START--
INFO: Run Behavior\BuildLiteBehavior [ RunTime:0.000070s ]
INFO: [ app_init ] --END-- [ RunTime:0.001334s ]
ERR: 无法加载模块:Assets

[ 2017-06-12T09:45:12+08:00 ] ::1 /hepta-seven/assets/js/bootstrap.min.js
INFO: [ app_init ] --START--
INFO: Run Behavior\BuildLiteBehavior [ RunTime:0.000076s ]
INFO: [ app_init ] --END-- [ RunTime:0.002469s ]
ERR: 无法加载模块:Assets

[ 2017-06-12T09:45:12+08:00 ] ::1 /hepta-seven/assets/js/jquery.actual.min.js
INFO: [ app_init ] --START--
INFO: Run Behavior\BuildLiteBehavior [ RunTime:0.000023s ]
INFO: [ app_init ] --END-- [ RunTime:0.000926s ]
ERR: 无法加载模块:Assets

[ 2017-06-12T09:45:12+08:00 ] ::1 /hepta-seven/assets/js/jquery.scrollTo.min.js
INFO: [ app_init ] --START--
INFO: Run Behavior\BuildLiteBehavior [ RunTime:0.000093s ]
INFO: [ app_init ] --END-- [ RunTime:0.003531s ]
ERR: 无法加载模块:Assets

[ 2017-06-12T09:45:12+08:00 ] ::1 /hepta-seven/assets/js/script.js
INFO: [ app_init ] --START--
INFO: Run Behavior\BuildLiteBehavior [ RunTime:0.000025s ]
INFO: [ app_init ] --END-- [ RunTime:0.000876s ]
ERR: 无法加载模块:Assets

[ 2017-06-12T09:51:58+08:00 ] ::1 /hepta-seven/Public/Public/Home/css/bootstrap.min.css
INFO: [ app_init ] --START--
INFO: Run Behavior\BuildLiteBehavior [ RunTime:0.000056s ]
INFO: [ app_init ] --END-- [ RunTime:0.001903s ]
ERR: 无法加载模块:Public

[ 2017-06-12T09:51:58+08:00 ] ::1 /hepta-seven/Public/Public/Home/css/font-awesome.min.css
INFO: [ app_init ] --START--
INFO: Run Behavior\BuildLiteBehavior [ RunTime:0.000035s ]
INFO: [ app_init ] --END-- [ RunTime:0.000911s ]
ERR: 无法加载模块:Public

[ 2017-06-12T09:51:58+08:00 ] ::1 /hepta-seven/Public/Public/Home/js/jquery.actual.min.js
INFO: [ app_init ] --START--
INFO: Run Behavior\BuildLiteBehavior [ RunTime:0.000110s ]
INFO: [ app_init ] --END-- [ RunTime:0.001283s ]
ERR: 无法加载模块:Public

[ 2017-06-12T09:51:58+08:00 ] ::1 /hepta-seven/Public/Public/Home/js/bootstrap.min.js
INFO: [ app_init ] --START--
INFO: Run Behavior\BuildLiteBehavior [ RunTime:0.000028s ]
INFO: [ app_init ] --END-- [ RunTime:0.001261s ]
ERR: 无法加载模块:Public

[ 2017-06-12T09:51:58+08:00 ] ::1 /hepta-seven/Public/Public/Home/js/jquery-migrate-1.2.1.min.js
INFO: [ app_init ] --START--
INFO: Run Behavior\BuildLiteBehavior [ RunTime:0.000179s ]
INFO: [ app_init ] --END-- [ RunTime:0.002820s ]
ERR: 无法加载模块:Public

[ 2017-06-12T09:51:58+08:00 ] ::1 /hepta-seven/Public/Public/Home/js/jquery.scrollTo.min.js
INFO: [ app_init ] --START--
INFO: Run Behavior\BuildLiteBehavior [ RunTime:0.000079s ]
INFO: [ app_init ] --END-- [ RunTime:0.002393s ]
ERR: 无法加载模块:Public

[ 2017-06-12T09:51:59+08:00 ] ::1 /hepta-seven/Public/Public/Home/images/arrow_down.png
INFO: [ app_init ] --START--
INFO: Run Behavior\BuildLiteBehavior [ RunTime:0.000032s ]
INFO: [ app_init ] --END-- [ RunTime:0.000796s ]
ERR: 无法加载模块:Public

[ 2017-06-12T09:51:59+08:00 ] ::1 /hepta-seven/Public/Public/Home/images/shopping.png
INFO: [ app_init ] --START--
INFO: Run Behavior\BuildLiteBehavior [ RunTime:0.000116s ]
INFO: [ app_init ] --END-- [ RunTime:0.002655s ]
ERR: 无法加载模块:Public

[ 2017-06-12T09:51:59+08:00 ] ::1 /hepta-seven/Public/Public/Home/images/pc.png
INFO: [ app_init ] --START--
INFO: Run Behavior\BuildLiteBehavior [ RunTime:0.000090s ]
INFO: [ app_init ] --END-- [ RunTime:0.002448s ]
ERR: 无法加载模块:Public

[ 2017-06-12T09:51:59+08:00 ] ::1 /hepta-seven/Public/Public/Home/js/bootstrap.min.js
INFO: [ app_init ] --START--
INFO: Run Behavior\BuildLiteBehavior [ RunTime:0.000034s ]
INFO: [ app_init ] --END-- [ RunTime:0.000692s ]
ERR: 无法加载模块:Public

[ 2017-06-12T09:51:59+08:00 ] ::1 /hepta-seven/Public/Public/Home/js/jquery.actual.min.js
INFO: [ app_init ] --START--
INFO: Run Behavior\BuildLiteBehavior [ RunTime:0.000026s ]
INFO: [ app_init ] --END-- [ RunTime:0.000431s ]
ERR: 无法加载模块:Public

[ 2017-06-12T09:51:59+08:00 ] ::1 /hepta-seven/Public/Public/Home/js/jquery.scrollTo.min.js
INFO: [ app_init ] --START--
INFO: Run Behavior\BuildLiteBehavior [ RunTime:0.000014s ]
INFO: [ app_init ] --END-- [ RunTime:0.000746s ]
ERR: 无法加载模块:Public

[ 2017-06-12T09:51:59+08:00 ] ::1 /hepta-seven/Public/Public/Home/js/script.js
INFO: [ app_init ] --START--
INFO: Run Behavior\BuildLiteBehavior [ RunTime:0.000014s ]
INFO: [ app_init ] --END-- [ RunTime:0.000356s ]
ERR: 无法加载模块:Public

[ 2017-06-12T09:51:59+08:00 ] ::1 /hepta-seven/Public/Public/Home/css/style.css
INFO: [ app_init ] --START--
INFO: Run Behavior\BuildLiteBehavior [ RunTime:0.000062s ]
INFO: [ app_init ] --END-- [ RunTime:0.001057s ]
ERR: 无法加载模块:Public

[ 2017-06-12T09:51:59+08:00 ] ::1 /hepta-seven/Public/Public/Home/css/bootstrap.min.css
INFO: [ app_init ] --START--
INFO: Run Behavior\BuildLiteBehavior [ RunTime:0.000051s ]
INFO: [ app_init ] --END-- [ RunTime:0.001413s ]
ERR: 无法加载模块:Public

[ 2017-06-12T09:51:59+08:00 ] ::1 /hepta-seven/Public/Public/Home/css/font-awesome.min.css
INFO: [ app_init ] --START--
INFO: Run Behavior\BuildLiteBehavior [ RunTime:0.000063s ]
INFO: [ app_init ] --END-- [ RunTime:0.002088s ]
ERR: 无法加载模块:Public

[ 2017-06-12T09:51:59+08:00 ] ::1 /hepta-seven/Public/Public/Home/js/jquery.actual.min.js
INFO: [ app_init ] --START--
INFO: Run Behavior\BuildLiteBehavior [ RunTime:0.000108s ]
INFO: [ app_init ] --END-- [ RunTime:0.001737s ]
ERR: 无法加载模块:Public

lic

[ 2017-06-12T09:51:59+08:00 ] ::1 /hepta-seven/Public/Public/Home/js/bootstrap.min.js
INFO: [ app_init ] --START--
INFO: Run Behavior\BuildLiteBehavior [ RunTime:0.000025s ]
INFO: [ app_init ] --END-- [ RunTime:0.001707s ]
ERR: 无法加载模块:Public

[ 2017-06-12T09:51:59+08:00 ] ::1 /hepta-seven/Public/Public/Home/images/arrow_down.png
INFO: [ app_init ] --START--
INFO: Run Behavior\BuildLiteBehavior [ RunTime:0.000033s ]
INFO: [ app_init ] --END-- [ RunTime:0.001627s ]
ERR: 无法加载模块:Public

[ 2017-06-12T09:51:59+08:00 ] ::1 /hepta-seven/Public/Public/Home/js/jquery.scrollTo.min.js
INFO: [ app_init ] --START--
INFO: Run Behavior\BuildLiteBehavior [ RunTime:0.000054s ]
INFO: [ app_init ] --END-- [ RunTime:0.000891s ]
ERR: 无法加载模块:Public

[ 2017-06-12T09:51:59+08:00 ] ::1 /hepta-seven/Public/Public/Home/images/shopping.png
INFO: [ app_init ] --START--
INFO: Run Behavior\BuildLiteBehavior [ RunTime:0.000024s ]
INFO: [ app_init ] --END-- [ RunTime:0.000507s ]
ERR: 无法加载模块:Public

[ 2017-06-12T09:51:59+08:00 ] ::1 /hepta-seven/Public/Public/Home/images/pc.png
INFO: [ app_init ] --START--
INFO: Run Behavior\BuildLiteBehavior [ RunTime:0.000078s ]
INFO: [ app_init ] --END-- [ RunTime:0.002147s ]
ERR: 无法加载模块:Public

[ 2017-06-12T09:51:59+08:00 ] ::1 /hepta-seven/Public/Public/Home/js/jquery.actual.min.js
INFO: [ app_init ] --START--
INFO: Run Behavior\BuildLiteBehavior [ RunTime:0.000062s ]
INFO: [ app_init ] --END-- [ RunTime:0.002658s ]
ERR: 无法加载模块:Public

[ 2017-06-12T09:52:00+08:00 ] ::1 /hepta-seven/Public/Public/Home/js/jquery.scrollTo.min.js
INFO: [ app_init ] --START--
INFO: Run Behavior\BuildLiteBehavior [ RunTime:0.000012s ]
INFO: [ app_init ] --END-- [ RunTime:0.000325s ]
ERR: 无法加载模块:Public

[ 2017-06-12T09:52:00+08:00 ] ::1 /hepta-seven/Public/Public/Home/js/script.js
INFO: [ app_init ] --START--
INFO: Run Behavior\BuildLiteBehavior [ RunTime:0.000012s ]
INFO: [ app_init ] --END-- [ RunTime:0.000353s ]
ERR: 无法加载模块:Public

[ 2017-06-12T09:52:02+08:00 ] ::1 /hepta-seven/Public/Public/Home/css/style.css
INFO: [ app_init ] --START--
INFO: Run Behavior\BuildLiteBehavior [ RunTime:0.000235s ]
INFO: [ app_init ] --END-- [ RunTime:0.002584s ]
ERR: 无法加载模块:Public

[ 2017-06-12T09:52:02+08:00 ] ::1 /hepta-seven/Public/Public/Home/css/font-awesome.min.css
INFO: [ app_init ] --START--
INFO: Run Behavior\BuildLiteBehavior [ RunTime:0.000138s ]
INFO: [ app_init ] --END-- [ RunTime:0.002154s ]
ERR: 无法加载模块:Public

[ 2017-06-12T09:52:02+08:00 ] ::1 /hepta-seven/Public/Public/Home/css/bootstrap.min.css
INFO: [ app_init ] --START--
INFO: Run Behavior\BuildLiteBehavior [ RunTime:0.000097s ]
INFO: [ app_init ] --END-- [ RunTime:0.001955s ]
ERR: 无法加载模块:Public

[ 2017-06-12T09:52:04+08:00 ] ::1 /hepta-seven/Public/Public/Home/css/style.css
INFO: [ app_init ] --START--
INFO: Run Behavior\BuildLiteBehavior [ RunTime:0.000070s ]
INFO: [ app_init ] --END-- [ RunTime:0.001346s ]
ERR: 无法加载模块:Public

[ 2017-06-12T09:52:04+08:00 ] ::1 /hepta-seven/Public/Public/Home/css/bootstrap.min.css
INFO: [ app_init ] --START--
INFO: Run Behavior\BuildLiteBehavior [ RunTime:0.000067s ]
INFO: [ app_init ] --END-- [ RunTime:0.001895s ]
ERR: 无法加载模块:Public

[ 2017-06-12T09:52:04+08:00 ] ::1 /hepta-seven/Public/Public/Home/css/font-awesome.min.css
INFO: [ app_init ] --START--
INFO: Run Behavior\BuildLiteBehavior [ RunTime:0.000023s ]
INFO: [ app_init ] --END-- [ RunTime:0.000559s ]
ERR: 无法加载模块:Public

[ 2017-06-12T09:52:06+08:00 ] ::1 /hepta-seven/Public/Public/Home/js/jquery-migrate-1.2.1.min.js
INFO: [ app_init ] --START--
INFO: Run Behavior\BuildLiteBehavior [ RunTime:0.000096s ]
INFO: [ app_init ] --END-- [ RunTime:0.002112s ]
ERR: 无法加载模块:Public

[ 2017-06-12T09:52:06+08:00 ] ::1 /hepta-seven/Public/Public/Home/js/bootstrap.min.js
INFO: [ app_init ] --START--
INFO: Run Behavior\BuildLiteBehavior [ RunTime:0.000043s ]
INFO: [ app_init ] --END-- [ RunTime:0.001051s ]
ERR: 无法加载模块:Public

[ 2017-06-12T09:52:06+08:00 ] ::1 /hepta-seven/Public/Public/Home/images/arrow_down.png
INFO: [ app_init ] --START--
INFO: Run Behavior\BuildLiteBehavior [ RunTime:0.000097s ]
INFO: [ app_init ] --END-- [ RunTime:0.001142s ]
ERR: 无法加载模块:Public

[ 2017-06-12T09:52:06+08:00 ] ::1 /hepta-seven/Public/Public/Home/js/jquery.scrollTo.min.js
INFO: [ app_init ] --START--
INFO: Run Behavior\BuildLiteBehavior [ RunTime:0.000019s ]
INFO: [ app_init ] --END-- [ RunTime:0.001073s ]
ERR: 无法加载模块:Public

[ 2017-06-12T09:52:06+08:00 ] ::1 /hepta-seven/Public/Public/Home/js/jquery.actual.min.js
INFO: [ app_init ] --START--
INFO: Run Behavior\BuildLiteBehavior [ RunTime:0.000063s ]
INFO: [ app_init ] --END-- [ RunTime:0.000966s ]
ERR: 无法加载模块:Public

[ 2017-06-12T09:52:07+08:00 ] ::1 /hepta-seven/Public/Public/Home/js/jquery-migrate-1.2.1.min.js
INFO: [ app_init ] --START--
INFO: Run Behavior\BuildLiteBehavior [ RunTime:0.000075s ]
INFO: [ app_init ] --END-- [ RunTime:0.002197s ]
ERR: 无法加载模块:Public

[ 2017-06-12T09:52:07+08:00 ] ::1 /hepta-seven/Public/Public/Home/images/shopping.png
INFO: [ app_init ] --START--
INFO: Run Behavior\BuildLiteBehavior [ RunTime:0.000042s ]
INFO: [ app_init ] --END-- [ RunTime:0.001221s ]
ERR: 无法加载模块:Public

[ 2017-06-12T09:52:07+08:00 ] ::1 /hepta-seven/Public/Public/Home/js/bootstrap.min.js
INFO: [ app_init ] --START--
INFO: Run Behavior\BuildLiteBehavior [ RunTime:0.000017s ]
INFO: [ app_init ] --END-- [ RunTime:0.000535s ]
ERR: 无法加载模块:Public

[ 2017-06-12T09:52:07+08:00 ] ::1 /hepta-seven/Public/Public/Home/js/jquery.actual.min.js
INFO: [ app_init ] --START--
INFO: Run Behavior\BuildLiteBehavior [ RunTime:0.000070s ]
INFO: [ app_init ] --END-- [ RunTime:0.001662s ]
ERR: 无法加载模块:Public

[ 2017-06-12T09:52:07+08:00 ] ::1 /hepta-seven/Public/Public/Home/js/jquery.scrollTo.min.js
INFO: [ app_init ] --START--
INFO: Run Behavior\BuildLiteBehavior [ RunTime:0.000015s ]
INFO: [ app_init ] --END-- [ RunTime:0.000437s ]
ERR: 无法加载模块:Public

[ 2017-06-12T09:52:07+08:00 ] ::1 /hepta-seven/Public/Public/Home/js/script.js
INFO: [ app_init ] --START--
INFO: Run Behavior\BuildLiteBehavior [ RunTime:0.000039s ]
INFO: [ app_init ] --END-- [ RunTime:0.001147s ]
ERR: 无法加载模块:Public

[ 2017-06-12T09:53:55+08:00 ] ::1 /hepta-seven/index.html
INFO: [ app_init ] --START--
INFO: Run Behavior\BuildLiteBehavior [ RunTime:0.000014s ]
INFO: [ app_init ] --END-- [ RunTime:0.000444s ]
ERR: 无法加载模块:Index

